<?xml version="1.0" encoding="UTF-8"?>
<testng-results ignored="0" total="1" passed="1" failed="0" skipped="0">
  <reporter-output>
  </reporter-output>
  <suite started-at="2023-11-09T10:39:59 IST" name="Default Suite" finished-at="2023-11-09T10:40:10 IST" duration-ms="11502">
    <groups>
    </groups>
    <test started-at="2023-11-09T10:39:59 IST" name="K-12 TECH" finished-at="2023-11-09T10:40:10 IST" duration-ms="11502">
      <class name="DemoTest">
        <test-method signature="startTest()[pri:0, instance:DemoTest@7bb58ca3]" started-at="2023-11-09T10:39:59 IST" name="startTest" finished-at="2023-11-09T10:40:10 IST" duration-ms="11398" status="PASS">
          <reporter-output>
          </reporter-output>
        </test-method> <!-- startTest -->
      </class> <!-- DemoTest -->
    </test> <!-- K-12 TECH -->
  </suite> <!-- Default Suite -->
</testng-results>
